have_header: checking for sqlite3.h... -------------------- yes

"/usr/bin/gcc-4.2 -o conftest -I/opt/local/include/ruby-1.9.1/i386-darwin10 -I/opt/local/include/ruby-1.9.1/ruby/backward -I/opt/local/include/ruby-1.9.1 -I. -I/usr/local/include -I/usr/include -I/opt/local/include -D_XOPEN_SOURCE -D_DARWIN_C_SOURCE  -I/opt/local/include -O2 -arch x86_64 -O2 -g -Wall -Wno-parentheses  -fno-common -pipe -fno-common -Wall  conftest.c  -L. -L/opt/local/lib -L/usr/local/lib -L/opt/local/lib -L/usr/lib -L. -L/opt/local/lib -L/usr/local/lib     -lruby-static  -lpthread -ldl -lobjc  "
checked program was:
/* begin */
1: #include "ruby.h"
2: 
3: int main() {return 0;}
/* end */

"/usr/bin/gcc-4.2 -E -I/opt/local/include/ruby-1.9.1/i386-darwin10 -I/opt/local/include/ruby-1.9.1/ruby/backward -I/opt/local/include/ruby-1.9.1 -I. -I/usr/local/include -I/usr/include -I/opt/local/include -D_XOPEN_SOURCE -D_DARWIN_C_SOURCE  -I/opt/local/include -O2 -arch x86_64 -O2 -g -Wall -Wno-parentheses  -fno-common -pipe -fno-common -Wall   conftest.c -o conftest.i"
checked program was:
/* begin */
1: #include "ruby.h"
2: 
3: #include <sqlite3.h>
/* end */

--------------------

have_library: checking for sqlite3_open() in -lsqlite3... -------------------- yes

"/usr/bin/gcc-4.2 -o conftest -I/opt/local/include/ruby-1.9.1/i386-darwin10 -I/opt/local/include/ruby-1.9.1/ruby/backward -I/opt/local/include/ruby-1.9.1 -I. -I/usr/local/include -I/usr/include -I/opt/local/include -D_XOPEN_SOURCE -D_DARWIN_C_SOURCE  -I/opt/local/include -O2 -arch x86_64 -O2 -g -Wall -Wno-parentheses  -fno-common -pipe -fno-common -Wall  conftest.c  -L. -L/opt/local/lib -L/usr/local/lib -L/opt/local/lib -L/usr/lib -L. -L/opt/local/lib -L/usr/local/lib     -lruby-static -lsqlite3  -lpthread -ldl -lobjc  "
conftest.c: In function ‘t’:
conftest.c:5: error: ‘sqlite3_open’ undeclared (first use in this function)
conftest.c:5: error: (Each undeclared identifier is reported only once
conftest.c:5: error: for each function it appears in.)
checked program was:
/* begin */
1: #include "ruby.h"
2: 
3: /*top*/
4: int main() {return 0;}
5: int t() { void ((*volatile p)()); p = (void ((*)()))sqlite3_open; return 0; }
/* end */

"/usr/bin/gcc-4.2 -o conftest -I/opt/local/include/ruby-1.9.1/i386-darwin10 -I/opt/local/include/ruby-1.9.1/ruby/backward -I/opt/local/include/ruby-1.9.1 -I. -I/usr/local/include -I/usr/include -I/opt/local/include -D_XOPEN_SOURCE -D_DARWIN_C_SOURCE  -I/opt/local/include -O2 -arch x86_64 -O2 -g -Wall -Wno-parentheses  -fno-common -pipe -fno-common -Wall  conftest.c  -L. -L/opt/local/lib -L/usr/local/lib -L/opt/local/lib -L/usr/lib -L. -L/opt/local/lib -L/usr/local/lib     -lruby-static -lsqlite3  -lpthread -ldl -lobjc  "
conftest.c: In function ‘t’:
conftest.c:5: warning: implicit declaration of function ‘sqlite3_open’
checked program was:
/* begin */
1: #include "ruby.h"
2: 
3: /*top*/
4: int main() {return 0;}
5: int t() { sqlite3_open(); return 0; }
/* end */

--------------------

have_func: checking for sqlite3_prepare_v2()... -------------------- yes

"/usr/bin/gcc-4.2 -o conftest -I/opt/local/include/ruby-1.9.1/i386-darwin10 -I/opt/local/include/ruby-1.9.1/ruby/backward -I/opt/local/include/ruby-1.9.1 -I. -I/usr/local/include -I/usr/include -I/opt/local/include -D_XOPEN_SOURCE -D_DARWIN_C_SOURCE  -I/opt/local/include -O2 -arch x86_64 -O2 -g -Wall -Wno-parentheses  -fno-common -pipe -fno-common -Wall  conftest.c  -L. -L/opt/local/lib -L/usr/local/lib -L/opt/local/lib -L/usr/lib -L. -L/opt/local/lib -L/usr/local/lib    -lsqlite3  -lruby-static -lsqlite3  -lpthread -ldl -lobjc  "
conftest.c: In function ‘t’:
conftest.c:5: error: ‘sqlite3_prepare_v2’ undeclared (first use in this function)
conftest.c:5: error: (Each undeclared identifier is reported only once
conftest.c:5: error: for each function it appears in.)
checked program was:
/* begin */
1: #include "ruby.h"
2: 
3: /*top*/
4: int main() {return 0;}
5: int t() { void ((*volatile p)()); p = (void ((*)()))sqlite3_prepare_v2; return 0; }
/* end */

"/usr/bin/gcc-4.2 -o conftest -I/opt/local/include/ruby-1.9.1/i386-darwin10 -I/opt/local/include/ruby-1.9.1/ruby/backward -I/opt/local/include/ruby-1.9.1 -I. -I/usr/local/include -I/usr/include -I/opt/local/include -D_XOPEN_SOURCE -D_DARWIN_C_SOURCE  -I/opt/local/include -O2 -arch x86_64 -O2 -g -Wall -Wno-parentheses  -fno-common -pipe -fno-common -Wall  conftest.c  -L. -L/opt/local/lib -L/usr/local/lib -L/opt/local/lib -L/usr/lib -L. -L/opt/local/lib -L/usr/local/lib    -lsqlite3  -lruby-static -lsqlite3  -lpthread -ldl -lobjc  "
conftest.c: In function ‘t’:
conftest.c:5: warning: implicit declaration of function ‘sqlite3_prepare_v2’
checked program was:
/* begin */
1: #include "ruby.h"
2: 
3: /*top*/
4: int main() {return 0;}
5: int t() { sqlite3_prepare_v2(); return 0; }
/* end */

--------------------

have_func: checking for sqlite3_open_v2()... -------------------- yes

"/usr/bin/gcc-4.2 -o conftest -I/opt/local/include/ruby-1.9.1/i386-darwin10 -I/opt/local/include/ruby-1.9.1/ruby/backward -I/opt/local/include/ruby-1.9.1 -I. -I/usr/local/include -I/usr/include -I/opt/local/include -D_XOPEN_SOURCE -D_DARWIN_C_SOURCE  -I/opt/local/include -O2 -arch x86_64 -O2 -g -Wall -Wno-parentheses  -fno-common -pipe -fno-common -Wall  conftest.c  -L. -L/opt/local/lib -L/usr/local/lib -L/opt/local/lib -L/usr/lib -L. -L/opt/local/lib -L/usr/local/lib    -lsqlite3  -lruby-static -lsqlite3  -lpthread -ldl -lobjc  "
conftest.c: In function ‘t’:
conftest.c:5: error: ‘sqlite3_open_v2’ undeclared (first use in this function)
conftest.c:5: error: (Each undeclared identifier is reported only once
conftest.c:5: error: for each function it appears in.)
checked program was:
/* begin */
1: #include "ruby.h"
2: 
3: /*top*/
4: int main() {return 0;}
5: int t() { void ((*volatile p)()); p = (void ((*)()))sqlite3_open_v2; return 0; }
/* end */

"/usr/bin/gcc-4.2 -o conftest -I/opt/local/include/ruby-1.9.1/i386-darwin10 -I/opt/local/include/ruby-1.9.1/ruby/backward -I/opt/local/include/ruby-1.9.1 -I. -I/usr/local/include -I/usr/include -I/opt/local/include -D_XOPEN_SOURCE -D_DARWIN_C_SOURCE  -I/opt/local/include -O2 -arch x86_64 -O2 -g -Wall -Wno-parentheses  -fno-common -pipe -fno-common -Wall  conftest.c  -L. -L/opt/local/lib -L/usr/local/lib -L/opt/local/lib -L/usr/lib -L. -L/opt/local/lib -L/usr/local/lib    -lsqlite3  -lruby-static -lsqlite3  -lpthread -ldl -lobjc  "
conftest.c: In function ‘t’:
conftest.c:5: warning: implicit declaration of function ‘sqlite3_open_v2’
checked program was:
/* begin */
1: #include "ruby.h"
2: 
3: /*top*/
4: int main() {return 0;}
5: int t() { sqlite3_open_v2(); return 0; }
/* end */

--------------------

